ARM GAS  /tmp/ccQQi9W4.s 			page 1


   1              		.cpu cortex-m4
   2              		.eabi_attribute 27, 1
   3              		.eabi_attribute 28, 1
   4              		.eabi_attribute 20, 1
   5              		.eabi_attribute 21, 1
   6              		.eabi_attribute 23, 3
   7              		.eabi_attribute 24, 1
   8              		.eabi_attribute 25, 1
   9              		.eabi_attribute 26, 1
  10              		.eabi_attribute 30, 1
  11              		.eabi_attribute 34, 1
  12              		.eabi_attribute 18, 4
  13              		.file	"gpio.c"
  14              		.text
  15              	.Ltext0:
  16              		.cfi_sections	.debug_frame
  17              		.section	.text.MX_GPIO_Init,"ax",%progbits
  18              		.align	1
  19              		.global	MX_GPIO_Init
  20              		.arch armv7e-m
  21              		.syntax unified
  22              		.thumb
  23              		.thumb_func
  24              		.fpu fpv4-sp-d16
  26              	MX_GPIO_Init:
  27              	.LFB130:
  28              		.file 1 "Core/Src/gpio.c"
   1:Core/Src/gpio.c **** /**
   2:Core/Src/gpio.c ****   ******************************************************************************
   3:Core/Src/gpio.c ****   * @file    gpio.c
   4:Core/Src/gpio.c ****   * @brief   This file provides code for the configuration
   5:Core/Src/gpio.c ****   *          of all used GPIO pins.
   6:Core/Src/gpio.c ****   ******************************************************************************
   7:Core/Src/gpio.c ****   * @attention
   8:Core/Src/gpio.c ****   *
   9:Core/Src/gpio.c ****   * <h2><center>&copy; Copyright (c) 2021 STMicroelectronics.
  10:Core/Src/gpio.c ****   * All rights reserved.</center></h2>
  11:Core/Src/gpio.c ****   *
  12:Core/Src/gpio.c ****   * This software component is licensed by ST under BSD 3-Clause license,
  13:Core/Src/gpio.c ****   * the "License"; You may not use this file except in compliance with the
  14:Core/Src/gpio.c ****   * License. You may obtain a copy of the License at:
  15:Core/Src/gpio.c ****   *                        opensource.org/licenses/BSD-3-Clause
  16:Core/Src/gpio.c ****   *
  17:Core/Src/gpio.c ****   ******************************************************************************
  18:Core/Src/gpio.c ****   */
  19:Core/Src/gpio.c **** 
  20:Core/Src/gpio.c **** /* Includes ------------------------------------------------------------------*/
  21:Core/Src/gpio.c **** #include "gpio.h"
  22:Core/Src/gpio.c **** 
  23:Core/Src/gpio.c **** /* USER CODE BEGIN 0 */
  24:Core/Src/gpio.c **** 
  25:Core/Src/gpio.c **** /* USER CODE END 0 */
  26:Core/Src/gpio.c **** 
  27:Core/Src/gpio.c **** /*----------------------------------------------------------------------------*/
  28:Core/Src/gpio.c **** /* Configure GPIO                                                             */
  29:Core/Src/gpio.c **** /*----------------------------------------------------------------------------*/
  30:Core/Src/gpio.c **** /* USER CODE BEGIN 1 */
ARM GAS  /tmp/ccQQi9W4.s 			page 2


  31:Core/Src/gpio.c **** 
  32:Core/Src/gpio.c **** /* USER CODE END 1 */
  33:Core/Src/gpio.c **** 
  34:Core/Src/gpio.c **** /** Configure pins as
  35:Core/Src/gpio.c ****         * Analog
  36:Core/Src/gpio.c ****         * Input
  37:Core/Src/gpio.c ****         * Output
  38:Core/Src/gpio.c ****         * EVENT_OUT
  39:Core/Src/gpio.c ****         * EXTI
  40:Core/Src/gpio.c **** */
  41:Core/Src/gpio.c **** void MX_GPIO_Init(void)
  42:Core/Src/gpio.c **** {
  29              		.loc 1 42 1 view -0
  30              		.cfi_startproc
  31              		@ args = 0, pretend = 0, frame = 24
  32              		@ frame_needed = 0, uses_anonymous_args = 0
  33 0000 F0B5     		push	{r4, r5, r6, r7, lr}
  34              	.LCFI0:
  35              		.cfi_def_cfa_offset 20
  36              		.cfi_offset 4, -20
  37              		.cfi_offset 5, -16
  38              		.cfi_offset 6, -12
  39              		.cfi_offset 7, -8
  40              		.cfi_offset 14, -4
  41 0002 87B0     		sub	sp, sp, #28
  42              	.LCFI1:
  43              		.cfi_def_cfa_offset 48
  43:Core/Src/gpio.c **** 
  44:Core/Src/gpio.c ****   GPIO_InitTypeDef GPIO_InitStruct = {0};
  44              		.loc 1 44 3 view .LVU1
  45              		.loc 1 44 20 is_stmt 0 view .LVU2
  46 0004 0024     		movs	r4, #0
  47 0006 0194     		str	r4, [sp, #4]
  48 0008 0294     		str	r4, [sp, #8]
  49 000a 0394     		str	r4, [sp, #12]
  50 000c 0494     		str	r4, [sp, #16]
  51 000e 0594     		str	r4, [sp, #20]
  45:Core/Src/gpio.c **** 
  46:Core/Src/gpio.c ****   /* GPIO Ports Clock Enable */
  47:Core/Src/gpio.c ****   __HAL_RCC_GPIOA_CLK_ENABLE();
  52              		.loc 1 47 3 is_stmt 1 view .LVU3
  53              	.LBB2:
  54              		.loc 1 47 3 view .LVU4
  55 0010 0094     		str	r4, [sp]
  56              		.loc 1 47 3 view .LVU5
  57 0012 114B     		ldr	r3, .L3
  58 0014 1A6B     		ldr	r2, [r3, #48]
  59 0016 42F00102 		orr	r2, r2, #1
  60 001a 1A63     		str	r2, [r3, #48]
  61              		.loc 1 47 3 view .LVU6
  62 001c 1B6B     		ldr	r3, [r3, #48]
  63 001e 03F00103 		and	r3, r3, #1
  64 0022 0093     		str	r3, [sp]
  65              		.loc 1 47 3 view .LVU7
  66 0024 009B     		ldr	r3, [sp]
  67              	.LBE2:
  68              		.loc 1 47 3 view .LVU8
ARM GAS  /tmp/ccQQi9W4.s 			page 3


  48:Core/Src/gpio.c **** 
  49:Core/Src/gpio.c ****   /*Configure GPIO pin Output Level */
  50:Core/Src/gpio.c ****   HAL_GPIO_WritePin(ONBOARD_LED_GPIO_Port, ONBOARD_LED_Pin, GPIO_PIN_RESET);
  69              		.loc 1 50 3 view .LVU9
  70 0026 0D4D     		ldr	r5, .L3+4
  71 0028 2246     		mov	r2, r4
  72 002a 0221     		movs	r1, #2
  73 002c 2846     		mov	r0, r5
  74 002e FFF7FEFF 		bl	HAL_GPIO_WritePin
  75              	.LVL0:
  51:Core/Src/gpio.c **** 
  52:Core/Src/gpio.c ****   /*Configure GPIO pin : PtPin */
  53:Core/Src/gpio.c ****   GPIO_InitStruct.Pin = ONBOARD_PUSHBUTTON_Pin;
  76              		.loc 1 53 3 view .LVU10
  77              		.loc 1 53 23 is_stmt 0 view .LVU11
  78 0032 0126     		movs	r6, #1
  79 0034 0196     		str	r6, [sp, #4]
  54:Core/Src/gpio.c ****   GPIO_InitStruct.Mode = GPIO_MODE_INPUT;
  80              		.loc 1 54 3 is_stmt 1 view .LVU12
  81              		.loc 1 54 24 is_stmt 0 view .LVU13
  82 0036 0294     		str	r4, [sp, #8]
  55:Core/Src/gpio.c ****   GPIO_InitStruct.Pull = GPIO_PULLDOWN;
  83              		.loc 1 55 3 is_stmt 1 view .LVU14
  84              		.loc 1 55 24 is_stmt 0 view .LVU15
  85 0038 0227     		movs	r7, #2
  86 003a 0397     		str	r7, [sp, #12]
  56:Core/Src/gpio.c ****   HAL_GPIO_Init(ONBOARD_PUSHBUTTON_GPIO_Port, &GPIO_InitStruct);
  87              		.loc 1 56 3 is_stmt 1 view .LVU16
  88 003c 01A9     		add	r1, sp, #4
  89 003e 2846     		mov	r0, r5
  90 0040 FFF7FEFF 		bl	HAL_GPIO_Init
  91              	.LVL1:
  57:Core/Src/gpio.c **** 
  58:Core/Src/gpio.c ****   /*Configure GPIO pin : PtPin */
  59:Core/Src/gpio.c ****   GPIO_InitStruct.Pin = ONBOARD_LED_Pin;
  92              		.loc 1 59 3 view .LVU17
  93              		.loc 1 59 23 is_stmt 0 view .LVU18
  94 0044 0197     		str	r7, [sp, #4]
  60:Core/Src/gpio.c ****   GPIO_InitStruct.Mode = GPIO_MODE_OUTPUT_PP;
  95              		.loc 1 60 3 is_stmt 1 view .LVU19
  96              		.loc 1 60 24 is_stmt 0 view .LVU20
  97 0046 0296     		str	r6, [sp, #8]
  61:Core/Src/gpio.c ****   GPIO_InitStruct.Pull = GPIO_NOPULL;
  98              		.loc 1 61 3 is_stmt 1 view .LVU21
  99              		.loc 1 61 24 is_stmt 0 view .LVU22
 100 0048 0394     		str	r4, [sp, #12]
  62:Core/Src/gpio.c ****   GPIO_InitStruct.Speed = GPIO_SPEED_FREQ_LOW;
 101              		.loc 1 62 3 is_stmt 1 view .LVU23
 102              		.loc 1 62 25 is_stmt 0 view .LVU24
 103 004a 0494     		str	r4, [sp, #16]
  63:Core/Src/gpio.c ****   HAL_GPIO_Init(ONBOARD_LED_GPIO_Port, &GPIO_InitStruct);
 104              		.loc 1 63 3 is_stmt 1 view .LVU25
 105 004c 01A9     		add	r1, sp, #4
 106 004e 2846     		mov	r0, r5
 107 0050 FFF7FEFF 		bl	HAL_GPIO_Init
 108              	.LVL2:
  64:Core/Src/gpio.c **** 
ARM GAS  /tmp/ccQQi9W4.s 			page 4


  65:Core/Src/gpio.c **** }
 109              		.loc 1 65 1 is_stmt 0 view .LVU26
 110 0054 07B0     		add	sp, sp, #28
 111              	.LCFI2:
 112              		.cfi_def_cfa_offset 20
 113              		@ sp needed
 114 0056 F0BD     		pop	{r4, r5, r6, r7, pc}
 115              	.L4:
 116              		.align	2
 117              	.L3:
 118 0058 00380240 		.word	1073887232
 119 005c 00000240 		.word	1073872896
 120              		.cfi_endproc
 121              	.LFE130:
 123              		.text
 124              	.Letext0:
 125              		.file 2 "/usr/arm-none-eabi/include/machine/_default_types.h"
 126              		.file 3 "/usr/arm-none-eabi/include/sys/_stdint.h"
 127              		.file 4 "Drivers/CMSIS/Device/ST/STM32F4xx/Include/stm32f407xx.h"
 128              		.file 5 "Drivers/STM32F4xx_HAL_Driver/Inc/stm32f4xx_hal_gpio.h"
ARM GAS  /tmp/ccQQi9W4.s 			page 5


DEFINED SYMBOLS
                            *ABS*:0000000000000000 gpio.c
     /tmp/ccQQi9W4.s:18     .text.MX_GPIO_Init:0000000000000000 $t
     /tmp/ccQQi9W4.s:26     .text.MX_GPIO_Init:0000000000000000 MX_GPIO_Init
     /tmp/ccQQi9W4.s:118    .text.MX_GPIO_Init:0000000000000058 $d

UNDEFINED SYMBOLS
HAL_GPIO_WritePin
HAL_GPIO_Init
